2018-02-05 14:17:21.563 OnpremisestoAzureInterfaceApp.log is created.
2018-02-05 14:17:21.571 [TRACE]  File: d:\Test_project\WPF\AzuredbSync\OnpremisestoAzureInterfaceApp\App1.cs, Line No: 44 --->  Message Logging Started
2018-02-05 14:17:21.572 [INFO]    File: d:\Test_project\WPF\AzuredbSync\OnpremisestoAzureInterfaceApp\App1.cs, Line No: 44 --->  Interface App Initilized 
2018-02-05 14:17:21.578 [INFO]    File: d:\Test_project\WPF\AzuredbSync\OnpremisestoAzureInterfaceApp\App1.cs, Line No: 44 --->  Checking Connections!!!!
2018-02-05 14:17:23.403 [FATAL]   File: d:\Test_project\WPF\AzuredbSync\OnpremisestoAzureInterfaceApp\DatabaseOperations.cs, Line No: 23 --->  OracleDatabaseConnectionState Caught an exception ---> ORA-28040: No matching authentication protocol
2018-02-05 14:17:23.403 [INFO]    File: d:\Test_project\WPF\AzuredbSync\OnpremisestoAzureInterfaceApp\App1.cs, Line No: 44 --->  Premises Database Not Connected
2018-02-05 14:18:05.683 [FATAL]   File: d:\Test_project\WPF\AzuredbSync\OnpremisestoAzureInterfaceApp\DatabaseOperations.cs, Line No: 23 --->  SqlDatabaseConnectionState Caught an exception ---> A network-related or instance-specific error occurred while establishing a connection to SQL Server. The server was not found or was not accessible. Verify that the instance name is correct and that SQL Server is configured to allow remote connections. (provider: TCP Provider, error: 0 - A connection attempt failed because the connected party did not properly respond after a period of time, or established connection failed because connected host has failed to respond.)
2018-02-05 14:18:05.684 [INFO]    File: d:\Test_project\WPF\AzuredbSync\OnpremisestoAzureInterfaceApp\App1.cs, Line No: 44 --->  Azure Database Connection  ---> Not Connected
2018-02-05 14:18:05.755 [FATAL]   File: d:\Test_project\WPF\AzuredbSync\OnpremisestoAzureInterfaceApp\DatabaseOperations.cs, Line No: 23 --->  OracleDatabaseConnectionState Caught an exception ---> ORA-28040: No matching authentication protocol
2018-02-05 14:18:05.756 [INFO]    File: d:\Test_project\WPF\AzuredbSync\OnpremisestoAzureInterfaceApp\App1.cs, Line No: 44 --->  Sync Database Connection  ---> Stopped
2018-02-05 14:18:05.812 [INFO]    File: d:\Test_project\WPF\AzuredbSync\OnpremisestoAzureInterfaceApp\App1.cs, Line No: 44 --->  Checking Connections!!!!
2018-02-05 14:18:05.904 [FATAL]   File: d:\Test_project\WPF\AzuredbSync\OnpremisestoAzureInterfaceApp\DatabaseOperations.cs, Line No: 23 --->  OracleDatabaseConnectionState Caught an exception ---> ORA-28040: No matching authentication protocol
2018-02-05 14:18:05.904 [INFO]    File: d:\Test_project\WPF\AzuredbSync\OnpremisestoAzureInterfaceApp\App1.cs, Line No: 44 --->  Premises Database Not Connected
2018-02-05 14:18:48.101 [FATAL]   File: d:\Test_project\WPF\AzuredbSync\OnpremisestoAzureInterfaceApp\DatabaseOperations.cs, Line No: 23 --->  SqlDatabaseConnectionState Caught an exception ---> A network-related or instance-specific error occurred while establishing a connection to SQL Server. The server was not found or was not accessible. Verify that the instance name is correct and that SQL Server is configured to allow remote connections. (provider: TCP Provider, error: 0 - A connection attempt failed because the connected party did not properly respond after a period of time, or established connection failed because connected host has failed to respond.)
2018-02-05 14:18:48.101 [INFO]    File: d:\Test_project\WPF\AzuredbSync\OnpremisestoAzureInterfaceApp\App1.cs, Line No: 44 --->  Azure Database Connection  ---> Not Connected
2018-02-05 14:18:48.166 [FATAL]   File: d:\Test_project\WPF\AzuredbSync\OnpremisestoAzureInterfaceApp\DatabaseOperations.cs, Line No: 23 --->  OracleDatabaseConnectionState Caught an exception ---> ORA-28040: No matching authentication protocol
2018-02-05 14:18:48.167 [INFO]    File: d:\Test_project\WPF\AzuredbSync\OnpremisestoAzureInterfaceApp\App1.cs, Line No: 44 --->  Sync Database Connection  ---> Stopped
2018-02-05 14:18:48.169 [INFO]    File: d:\Test_project\WPF\AzuredbSync\OnpremisestoAzureInterfaceApp\App1.cs, Line No: 44 --->  Checking Connections!!!!
2018-02-05 14:18:48.247 [FATAL]   File: d:\Test_project\WPF\AzuredbSync\OnpremisestoAzureInterfaceApp\DatabaseOperations.cs, Line No: 23 --->  OracleDatabaseConnectionState Caught an exception ---> ORA-28040: No matching authentication protocol
2018-02-05 14:18:48.248 [INFO]    File: d:\Test_project\WPF\AzuredbSync\OnpremisestoAzureInterfaceApp\App1.cs, Line No: 44 --->  Premises Database Not Connected
2018-02-05 14:19:30.424 [FATAL]   File: d:\Test_project\WPF\AzuredbSync\OnpremisestoAzureInterfaceApp\DatabaseOperations.cs, Line No: 23 --->  SqlDatabaseConnectionState Caught an exception ---> A network-related or instance-specific error occurred while establishing a connection to SQL Server. The server was not found or was not accessible. Verify that the instance name is correct and that SQL Server is configured to allow remote connections. (provider: TCP Provider, error: 0 - A connection attempt failed because the connected party did not properly respond after a period of time, or established connection failed because connected host has failed to respond.)
2018-02-05 14:19:30.425 [INFO]    File: d:\Test_project\WPF\AzuredbSync\OnpremisestoAzureInterfaceApp\App1.cs, Line No: 44 --->  Azure Database Connection  ---> Not Connected
2018-02-05 14:19:30.502 [FATAL]   File: d:\Test_project\WPF\AzuredbSync\OnpremisestoAzureInterfaceApp\DatabaseOperations.cs, Line No: 23 --->  OracleDatabaseConnectionState Caught an exception ---> ORA-28040: No matching authentication protocol
2018-02-05 14:19:30.502 [INFO]    File: d:\Test_project\WPF\AzuredbSync\OnpremisestoAzureInterfaceApp\App1.cs, Line No: 44 --->  Sync Database Connection  ---> Stopped
2018-02-05 14:19:30.503 [INFO]    File: d:\Test_project\WPF\AzuredbSync\OnpremisestoAzureInterfaceApp\App1.cs, Line No: 44 --->  Checking Connections!!!!
2018-02-05 14:19:30.590 [FATAL]   File: d:\Test_project\WPF\AzuredbSync\OnpremisestoAzureInterfaceApp\DatabaseOperations.cs, Line No: 23 --->  OracleDatabaseConnectionState Caught an exception ---> ORA-28040: No matching authentication protocol
2018-02-05 14:19:30.591 [INFO]    File: d:\Test_project\WPF\AzuredbSync\OnpremisestoAzureInterfaceApp\App1.cs, Line No: 44 --->  Premises Database Not Connected
2018-02-05 14:20:12.755 [FATAL]   File: d:\Test_project\WPF\AzuredbSync\OnpremisestoAzureInterfaceApp\DatabaseOperations.cs, Line No: 23 --->  SqlDatabaseConnectionState Caught an exception ---> A network-related or instance-specific error occurred while establishing a connection to SQL Server. The server was not found or was not accessible. Verify that the instance name is correct and that SQL Server is configured to allow remote connections. (provider: TCP Provider, error: 0 - A connection attempt failed because the connected party did not properly respond after a period of time, or established connection failed because connected host has failed to respond.)
2018-02-05 14:20:12.756 [INFO]    File: d:\Test_project\WPF\AzuredbSync\OnpremisestoAzureInterfaceApp\App1.cs, Line No: 44 --->  Azure Database Connection  ---> Not Connected
2018-02-05 14:20:12.863 [FATAL]   File: d:\Test_project\WPF\AzuredbSync\OnpremisestoAzureInterfaceApp\DatabaseOperations.cs, Line No: 23 --->  OracleDatabaseConnectionState Caught an exception ---> ORA-28040: No matching authentication protocol
2018-02-05 14:20:12.865 [INFO]    File: d:\Test_project\WPF\AzuredbSync\OnpremisestoAzureInterfaceApp\App1.cs, Line No: 44 --->  Sync Database Connection  ---> Stopped
2018-02-05 14:20:12.866 [INFO]    File: d:\Test_project\WPF\AzuredbSync\OnpremisestoAzureInterfaceApp\App1.cs, Line No: 44 --->  Checking Connections!!!!
2018-02-05 14:20:12.946 [FATAL]   File: d:\Test_project\WPF\AzuredbSync\OnpremisestoAzureInterfaceApp\DatabaseOperations.cs, Line No: 23 --->  OracleDatabaseConnectionState Caught an exception ---> ORA-28040: No matching authentication protocol
2018-02-05 14:20:12.947 [INFO]    File: d:\Test_project\WPF\AzuredbSync\OnpremisestoAzureInterfaceApp\App1.cs, Line No: 44 --->  Premises Database Not Connected
2018-02-05 14:20:55.191 [FATAL]   File: d:\Test_project\WPF\AzuredbSync\OnpremisestoAzureInterfaceApp\DatabaseOperations.cs, Line No: 23 --->  SqlDatabaseConnectionState Caught an exception ---> A network-related or instance-specific error occurred while establishing a connection to SQL Server. The server was not found or was not accessible. Verify that the instance name is correct and that SQL Server is configured to allow remote connections. (provider: TCP Provider, error: 0 - A connection attempt failed because the connected party did not properly respond after a period of time, or established connection failed because connected host has failed to respond.)
2018-02-05 14:20:55.192 [INFO]    File: d:\Test_project\WPF\AzuredbSync\OnpremisestoAzureInterfaceApp\App1.cs, Line No: 44 --->  Azure Database Connection  ---> Not Connected
2018-02-05 14:20:55.291 [FATAL]   File: d:\Test_project\WPF\AzuredbSync\OnpremisestoAzureInterfaceApp\DatabaseOperations.cs, Line No: 23 --->  OracleDatabaseConnectionState Caught an exception ---> ORA-28040: No matching authentication protocol
2018-02-05 14:20:55.293 [INFO]    File: d:\Test_project\WPF\AzuredbSync\OnpremisestoAzureInterfaceApp\App1.cs, Line No: 44 --->  Sync Database Connection  ---> Stopped
2018-02-05 14:20:55.295 [INFO]    File: d:\Test_project\WPF\AzuredbSync\OnpremisestoAzureInterfaceApp\App1.cs, Line No: 44 --->  Checking Connections!!!!
2018-02-05 14:20:55.371 [FATAL]   File: d:\Test_project\WPF\AzuredbSync\OnpremisestoAzureInterfaceApp\DatabaseOperations.cs, Line No: 23 --->  OracleDatabaseConnectionState Caught an exception ---> ORA-28040: No matching authentication protocol
2018-02-05 14:20:55.372 [INFO]    File: d:\Test_project\WPF\AzuredbSync\OnpremisestoAzureInterfaceApp\App1.cs, Line No: 44 --->  Premises Database Not Connected
2018-02-05 14:21:37.827 [FATAL]   File: d:\Test_project\WPF\AzuredbSync\OnpremisestoAzureInterfaceApp\DatabaseOperations.cs, Line No: 23 --->  SqlDatabaseConnectionState Caught an exception ---> A network-related or instance-specific error occurred while establishing a connection to SQL Server. The server was not found or was not accessible. Verify that the instance name is correct and that SQL Server is configured to allow remote connections. (provider: TCP Provider, error: 0 - A connection attempt failed because the connected party did not properly respond after a period of time, or established connection failed because connected host has failed to respond.)
2018-02-05 14:21:37.828 [INFO]    File: d:\Test_project\WPF\AzuredbSync\OnpremisestoAzureInterfaceApp\App1.cs, Line No: 44 --->  Azure Database Connection  ---> Not Connected
2018-02-05 14:21:38.046 [FATAL]   File: d:\Test_project\WPF\AzuredbSync\OnpremisestoAzureInterfaceApp\DatabaseOperations.cs, Line No: 23 --->  OracleDatabaseConnectionState Caught an exception ---> ORA-28040: No matching authentication protocol
2018-02-05 14:21:38.048 [INFO]    File: d:\Test_project\WPF\AzuredbSync\OnpremisestoAzureInterfaceApp\App1.cs, Line No: 44 --->  Sync Database Connection  ---> Stopped
2018-02-05 14:21:38.048 [INFO]    File: d:\Test_project\WPF\AzuredbSync\OnpremisestoAzureInterfaceApp\App1.cs, Line No: 44 --->  Checking Connections!!!!
2018-02-05 14:21:38.140 [FATAL]   File: d:\Test_project\WPF\AzuredbSync\OnpremisestoAzureInterfaceApp\DatabaseOperations.cs, Line No: 23 --->  OracleDatabaseConnectionState Caught an exception ---> ORA-28040: No matching authentication protocol
2018-02-05 14:21:38.141 [INFO]    File: d:\Test_project\WPF\AzuredbSync\OnpremisestoAzureInterfaceApp\App1.cs, Line No: 44 --->  Premises Database Not Connected
2018-02-05 14:22:20.401 [FATAL]   File: d:\Test_project\WPF\AzuredbSync\OnpremisestoAzureInterfaceApp\DatabaseOperations.cs, Line No: 23 --->  SqlDatabaseConnectionState Caught an exception ---> A network-related or instance-specific error occurred while establishing a connection to SQL Server. The server was not found or was not accessible. Verify that the instance name is correct and that SQL Server is configured to allow remote connections. (provider: TCP Provider, error: 0 - A connection attempt failed because the connected party did not properly respond after a period of time, or established connection failed because connected host has failed to respond.)
2018-02-05 14:22:20.401 [INFO]    File: d:\Test_project\WPF\AzuredbSync\OnpremisestoAzureInterfaceApp\App1.cs, Line No: 44 --->  Azure Database Connection  ---> Not Connected
2018-02-05 14:22:20.497 [FATAL]   File: d:\Test_project\WPF\AzuredbSync\OnpremisestoAzureInterfaceApp\DatabaseOperations.cs, Line No: 23 --->  OracleDatabaseConnectionState Caught an exception ---> ORA-28040: No matching authentication protocol
2018-02-05 14:22:20.498 [INFO]    File: d:\Test_project\WPF\AzuredbSync\OnpremisestoAzureInterfaceApp\App1.cs, Line No: 44 --->  Sync Database Connection  ---> Stopped
2018-02-05 14:22:20.499 [INFO]    File: d:\Test_project\WPF\AzuredbSync\OnpremisestoAzureInterfaceApp\App1.cs, Line No: 44 --->  Checking Connections!!!!
2018-02-05 14:22:20.615 [FATAL]   File: d:\Test_project\WPF\AzuredbSync\OnpremisestoAzureInterfaceApp\DatabaseOperations.cs, Line No: 23 --->  OracleDatabaseConnectionState Caught an exception ---> ORA-28040: No matching authentication protocol
2018-02-05 14:22:20.615 [INFO]    File: d:\Test_project\WPF\AzuredbSync\OnpremisestoAzureInterfaceApp\App1.cs, Line No: 44 --->  Premises Database Not Connected
2018-02-05 14:23:02.835 [FATAL]   File: d:\Test_project\WPF\AzuredbSync\OnpremisestoAzureInterfaceApp\DatabaseOperations.cs, Line No: 23 --->  SqlDatabaseConnectionState Caught an exception ---> A network-related or instance-specific error occurred while establishing a connection to SQL Server. The server was not found or was not accessible. Verify that the instance name is correct and that SQL Server is configured to allow remote connections. (provider: TCP Provider, error: 0 - A connection attempt failed because the connected party did not properly respond after a period of time, or established connection failed because connected host has failed to respond.)
2018-02-05 14:23:02.836 [INFO]    File: d:\Test_project\WPF\AzuredbSync\OnpremisestoAzureInterfaceApp\App1.cs, Line No: 44 --->  Azure Database Connection  ---> Not Connected
2018-02-05 14:23:02.889 [FATAL]   File: d:\Test_project\WPF\AzuredbSync\OnpremisestoAzureInterfaceApp\DatabaseOperations.cs, Line No: 23 --->  OracleDatabaseConnectionState Caught an exception ---> ORA-28040: No matching authentication protocol
2018-02-05 14:23:02.889 [INFO]    File: d:\Test_project\WPF\AzuredbSync\OnpremisestoAzureInterfaceApp\App1.cs, Line No: 44 --->  Sync Database Connection  ---> Stopped
2018-02-05 14:23:02.890 [INFO]    File: d:\Test_project\WPF\AzuredbSync\OnpremisestoAzureInterfaceApp\App1.cs, Line No: 44 --->  Checking Connections!!!!
2018-02-05 14:23:02.932 [FATAL]   File: d:\Test_project\WPF\AzuredbSync\OnpremisestoAzureInterfaceApp\DatabaseOperations.cs, Line No: 23 --->  OracleDatabaseConnectionState Caught an exception ---> ORA-28040: No matching authentication protocol
2018-02-05 14:23:02.933 [INFO]    File: d:\Test_project\WPF\AzuredbSync\OnpremisestoAzureInterfaceApp\App1.cs, Line No: 44 --->  Premises Database Not Connected
2018-02-05 14:23:45.188 [FATAL]   File: d:\Test_project\WPF\AzuredbSync\OnpremisestoAzureInterfaceApp\DatabaseOperations.cs, Line No: 23 --->  SqlDatabaseConnectionState Caught an exception ---> A network-related or instance-specific error occurred while establishing a connection to SQL Server. The server was not found or was not accessible. Verify that the instance name is correct and that SQL Server is configured to allow remote connections. (provider: TCP Provider, error: 0 - A connection attempt failed because the connected party did not properly respond after a period of time, or established connection failed because connected host has failed to respond.)
2018-02-05 14:23:45.188 [INFO]    File: d:\Test_project\WPF\AzuredbSync\OnpremisestoAzureInterfaceApp\App1.cs, Line No: 44 --->  Azure Database Connection  ---> Not Connected
2018-02-05 14:23:45.293 [FATAL]   File: d:\Test_project\WPF\AzuredbSync\OnpremisestoAzureInterfaceApp\DatabaseOperations.cs, Line No: 23 --->  OracleDatabaseConnectionState Caught an exception ---> ORA-28040: No matching authentication protocol
2018-02-05 14:23:45.309 [INFO]    File: d:\Test_project\WPF\AzuredbSync\OnpremisestoAzureInterfaceApp\App1.cs, Line No: 44 --->  Sync Database Connection  ---> Stopped
2018-02-05 14:23:45.309 [INFO]    File: d:\Test_project\WPF\AzuredbSync\OnpremisestoAzureInterfaceApp\App1.cs, Line No: 44 --->  Checking Connections!!!!
2018-02-05 14:23:45.377 [FATAL]   File: d:\Test_project\WPF\AzuredbSync\OnpremisestoAzureInterfaceApp\DatabaseOperations.cs, Line No: 23 --->  OracleDatabaseConnectionState Caught an exception ---> ORA-28040: No matching authentication protocol
2018-02-05 14:23:45.378 [INFO]    File: d:\Test_project\WPF\AzuredbSync\OnpremisestoAzureInterfaceApp\App1.cs, Line No: 44 --->  Premises Database Not Connected
2018-02-05 14:24:27.629 [FATAL]   File: d:\Test_project\WPF\AzuredbSync\OnpremisestoAzureInterfaceApp\DatabaseOperations.cs, Line No: 23 --->  SqlDatabaseConnectionState Caught an exception ---> A network-related or instance-specific error occurred while establishing a connection to SQL Server. The server was not found or was not accessible. Verify that the instance name is correct and that SQL Server is configured to allow remote connections. (provider: TCP Provider, error: 0 - A connection attempt failed because the connected party did not properly respond after a period of time, or established connection failed because connected host has failed to respond.)
2018-02-05 14:24:27.629 [INFO]    File: d:\Test_project\WPF\AzuredbSync\OnpremisestoAzureInterfaceApp\App1.cs, Line No: 44 --->  Azure Database Connection  ---> Not Connected
2018-02-05 14:24:27.762 [FATAL]   File: d:\Test_project\WPF\AzuredbSync\OnpremisestoAzureInterfaceApp\DatabaseOperations.cs, Line No: 23 --->  OracleDatabaseConnectionState Caught an exception ---> ORA-28040: No matching authentication protocol
2018-02-05 14:24:27.762 [INFO]    File: d:\Test_project\WPF\AzuredbSync\OnpremisestoAzureInterfaceApp\App1.cs, Line No: 44 --->  Sync Database Connection  ---> Stopped
2018-02-05 14:24:27.762 [INFO]    File: d:\Test_project\WPF\AzuredbSync\OnpremisestoAzureInterfaceApp\App1.cs, Line No: 44 --->  Checking Connections!!!!
2018-02-05 14:24:27.857 [FATAL]   File: d:\Test_project\WPF\AzuredbSync\OnpremisestoAzureInterfaceApp\DatabaseOperations.cs, Line No: 23 --->  OracleDatabaseConnectionState Caught an exception ---> ORA-28040: No matching authentication protocol
2018-02-05 14:24:27.857 [INFO]    File: d:\Test_project\WPF\AzuredbSync\OnpremisestoAzureInterfaceApp\App1.cs, Line No: 44 --->  Premises Database Not Connected
2018-02-05 14:25:10.169 [FATAL]   File: d:\Test_project\WPF\AzuredbSync\OnpremisestoAzureInterfaceApp\DatabaseOperations.cs, Line No: 23 --->  SqlDatabaseConnectionState Caught an exception ---> A network-related or instance-specific error occurred while establishing a connection to SQL Server. The server was not found or was not accessible. Verify that the instance name is correct and that SQL Server is configured to allow remote connections. (provider: TCP Provider, error: 0 - A connection attempt failed because the connected party did not properly respond after a period of time, or established connection failed because connected host has failed to respond.)
2018-02-05 14:25:10.169 [INFO]    File: d:\Test_project\WPF\AzuredbSync\OnpremisestoAzureInterfaceApp\App1.cs, Line No: 44 --->  Azure Database Connection  ---> Not Connected
2018-02-05 14:25:10.210 [FATAL]   File: d:\Test_project\WPF\AzuredbSync\OnpremisestoAzureInterfaceApp\DatabaseOperations.cs, Line No: 23 --->  OracleDatabaseConnectionState Caught an exception ---> ORA-28040: No matching authentication protocol
2018-02-05 14:25:10.211 [INFO]    File: d:\Test_project\WPF\AzuredbSync\OnpremisestoAzureInterfaceApp\App1.cs, Line No: 44 --->  Sync Database Connection  ---> Stopped
2018-02-05 14:25:10.211 [INFO]    File: d:\Test_project\WPF\AzuredbSync\OnpremisestoAzureInterfaceApp\App1.cs, Line No: 44 --->  Checking Connections!!!!
2018-02-05 14:25:10.287 [FATAL]   File: d:\Test_project\WPF\AzuredbSync\OnpremisestoAzureInterfaceApp\DatabaseOperations.cs, Line No: 23 --->  OracleDatabaseConnectionState Caught an exception ---> ORA-28040: No matching authentication protocol
2018-02-05 14:25:10.288 [INFO]    File: d:\Test_project\WPF\AzuredbSync\OnpremisestoAzureInterfaceApp\App1.cs, Line No: 44 --->  Premises Database Not Connected
2018-02-05 14:25:52.533 [FATAL]   File: d:\Test_project\WPF\AzuredbSync\OnpremisestoAzureInterfaceApp\DatabaseOperations.cs, Line No: 23 --->  SqlDatabaseConnectionState Caught an exception ---> A network-related or instance-specific error occurred while establishing a connection to SQL Server. The server was not found or was not accessible. Verify that the instance name is correct and that SQL Server is configured to allow remote connections. (provider: TCP Provider, error: 0 - A connection attempt failed because the connected party did not properly respond after a period of time, or established connection failed because connected host has failed to respond.)
2018-02-05 14:25:52.534 [INFO]    File: d:\Test_project\WPF\AzuredbSync\OnpremisestoAzureInterfaceApp\App1.cs, Line No: 44 --->  Azure Database Connection  ---> Not Connected
2018-02-05 14:25:52.651 [FATAL]   File: d:\Test_project\WPF\AzuredbSync\OnpremisestoAzureInterfaceApp\DatabaseOperations.cs, Line No: 23 --->  OracleDatabaseConnectionState Caught an exception ---> ORA-28040: No matching authentication protocol
2018-02-05 14:25:52.651 [INFO]    File: d:\Test_project\WPF\AzuredbSync\OnpremisestoAzureInterfaceApp\App1.cs, Line No: 44 --->  Sync Database Connection  ---> Stopped
2018-02-05 14:25:52.651 [INFO]    File: d:\Test_project\WPF\AzuredbSync\OnpremisestoAzureInterfaceApp\App1.cs, Line No: 44 --->  Checking Connections!!!!
2018-02-05 14:25:52.764 [FATAL]   File: d:\Test_project\WPF\AzuredbSync\OnpremisestoAzureInterfaceApp\DatabaseOperations.cs, Line No: 23 --->  OracleDatabaseConnectionState Caught an exception ---> ORA-28040: No matching authentication protocol
2018-02-05 14:25:52.764 [INFO]    File: d:\Test_project\WPF\AzuredbSync\OnpremisestoAzureInterfaceApp\App1.cs, Line No: 44 --->  Premises Database Not Connected
2018-02-05 14:29:44.177 [TRACE]  File: d:\Test_project\WPF\AzuredbSync\OnpremisestoAzureInterfaceApp\App1.cs, Line No: 44 --->  Message Logging Started
2018-02-05 14:29:59.344 [INFO]    File: d:\Test_project\WPF\AzuredbSync\OnpremisestoAzureInterfaceApp\App1.cs, Line No: 44 --->  Interface App Initilized 
2018-02-05 14:30:05.249 [INFO]    File: d:\Test_project\WPF\AzuredbSync\OnpremisestoAzureInterfaceApp\App1.cs, Line No: 44 --->  Checking Connections!!!!
2018-02-05 14:30:08.031 [FATAL]   File: d:\Test_project\WPF\AzuredbSync\OnpremisestoAzureInterfaceApp\DatabaseOperations.cs, Line No: 23 --->  OracleDatabaseConnectionState Caught an exception ---> ORA-28040: No matching authentication protocol
2018-02-05 14:30:08.064 [INFO]    File: d:\Test_project\WPF\AzuredbSync\OnpremisestoAzureInterfaceApp\App1.cs, Line No: 44 --->  Premises Database Not Connected
2018-02-05 14:30:50.588 [FATAL]   File: d:\Test_project\WPF\AzuredbSync\OnpremisestoAzureInterfaceApp\DatabaseOperations.cs, Line No: 23 --->  SqlDatabaseConnectionState Caught an exception ---> A network-related or instance-specific error occurred while establishing a connection to SQL Server. The server was not found or was not accessible. Verify that the instance name is correct and that SQL Server is configured to allow remote connections. (provider: TCP Provider, error: 0 - A connection attempt failed because the connected party did not properly respond after a period of time, or established connection failed because connected host has failed to respond.)
2018-02-05 14:30:50.589 [INFO]    File: d:\Test_project\WPF\AzuredbSync\OnpremisestoAzureInterfaceApp\App1.cs, Line No: 44 --->  Azure Database Connection  ---> Not Connected
2018-02-05 14:30:50.724 [FATAL]   File: d:\Test_project\WPF\AzuredbSync\OnpremisestoAzureInterfaceApp\DatabaseOperations.cs, Line No: 23 --->  OracleDatabaseConnectionState Caught an exception ---> ORA-28040: No matching authentication protocol
2018-02-05 14:30:50.724 [INFO]    File: d:\Test_project\WPF\AzuredbSync\OnpremisestoAzureInterfaceApp\App1.cs, Line No: 44 --->  Sync Database Connection  ---> Stopped
2018-02-05 14:30:50.770 [INFO]    File: d:\Test_project\WPF\AzuredbSync\OnpremisestoAzureInterfaceApp\App1.cs, Line No: 44 --->  Checking Connections!!!!
2018-02-05 14:30:50.876 [FATAL]   File: d:\Test_project\WPF\AzuredbSync\OnpremisestoAzureInterfaceApp\DatabaseOperations.cs, Line No: 23 --->  OracleDatabaseConnectionState Caught an exception ---> ORA-28040: No matching authentication protocol
2018-02-05 14:30:50.877 [INFO]    File: d:\Test_project\WPF\AzuredbSync\OnpremisestoAzureInterfaceApp\App1.cs, Line No: 44 --->  Premises Database Not Connected
2018-02-06 14:46:50.710 [TRACE]  File: d:\Test_project\WPF\AzuredbSync\OnpremisestoAzureInterfaceApp\App1.cs, Line No: 44 --->  Message Logging Started
2018-02-06 14:46:50.726 [INFO]    File: d:\Test_project\WPF\AzuredbSync\OnpremisestoAzureInterfaceApp\App1.cs, Line No: 44 --->  Interface App Initilized 
2018-02-06 14:46:50.742 [INFO]    File: d:\Test_project\WPF\AzuredbSync\OnpremisestoAzureInterfaceApp\App1.cs, Line No: 44 --->  Checking Connections!!!!
2018-02-06 14:47:04.924 [INFO]    File: d:\Test_project\WPF\AzuredbSync\OnpremisestoAzureInterfaceApp\App1.cs, Line No: 44 --->  Premises Database Connected
2018-02-06 14:47:48.550 [FATAL]   File: d:\Test_project\WPF\AzuredbSync\OnpremisestoAzureInterfaceApp\DatabaseOperations.cs, Line No: 23 --->  SqlDatabaseConnectionState Caught an exception ---> A network-related or instance-specific error occurred while establishing a connection to SQL Server. The server was not found or was not accessible. Verify that the instance name is correct and that SQL Server is configured to allow remote connections. (provider: TCP Provider, error: 0 - A connection attempt failed because the connected party did not properly respond after a period of time, or established connection failed because connected host has failed to respond.)
2018-02-06 14:47:48.550 [INFO]    File: d:\Test_project\WPF\AzuredbSync\OnpremisestoAzureInterfaceApp\App1.cs, Line No: 44 --->  Azure Database Connection  ---> Not Connected
2018-02-06 14:48:30.849 [FATAL]   File: d:\Test_project\WPF\AzuredbSync\OnpremisestoAzureInterfaceApp\DatabaseOperations.cs, Line No: 23 --->  SqlDatabaseConnectionState Caught an exception ---> A network-related or instance-specific error occurred while establishing a connection to SQL Server. The server was not found or was not accessible. Verify that the instance name is correct and that SQL Server is configured to allow remote connections. (provider: TCP Provider, error: 0 - A connection attempt failed because the connected party did not properly respond after a period of time, or established connection failed because connected host has failed to respond.)
2018-02-06 14:48:30.849 [INFO]    File: d:\Test_project\WPF\AzuredbSync\OnpremisestoAzureInterfaceApp\App1.cs, Line No: 44 --->  Sync Database Connection  ---> Stopped
2018-02-06 14:48:31.067 [INFO]    File: d:\Test_project\WPF\AzuredbSync\OnpremisestoAzureInterfaceApp\App1.cs, Line No: 44 --->  Checking Connections!!!!
2018-02-06 14:48:31.067 [INFO]    File: d:\Test_project\WPF\AzuredbSync\OnpremisestoAzureInterfaceApp\App1.cs, Line No: 44 --->  Premises Database Connected
2018-02-07 08:59:01.469 [TRACE]  File: d:\Test_project\WPF\AzuredbSync\OnpremisestoAzureInterfaceApp\App1.cs, Line No: 46 --->  Message Logging Started
2018-02-07 08:59:01.477 [INFO]    File: d:\Test_project\WPF\AzuredbSync\OnpremisestoAzureInterfaceApp\App1.cs, Line No: 46 --->  Interface App Initilized 
2018-02-07 08:59:50.704 [TRACE]  File: d:\Test_project\WPF\AzuredbSync\OnpremisestoAzureInterfaceApp\App1.cs, Line No: 46 --->  Message Logging Started
2018-02-07 08:59:50.704 [INFO]    File: d:\Test_project\WPF\AzuredbSync\OnpremisestoAzureInterfaceApp\App1.cs, Line No: 46 --->  Interface App Initilized 
2018-02-07 09:00:47.562 [TRACE]  File: d:\Test_project\WPF\AzuredbSync\OnpremisestoAzureInterfaceApp\App1.cs, Line No: 46 --->  Message Logging Started
2018-02-07 09:00:47.578 [INFO]    File: d:\Test_project\WPF\AzuredbSync\OnpremisestoAzureInterfaceApp\App1.cs, Line No: 46 --->  Interface App Initilized 
2018-02-07 09:04:07.415 [TRACE]  File: d:\Test_project\WPF\AzuredbSync\OnpremisestoAzureInterfaceApp\App1.cs, Line No: 46 --->  Message Logging Started
2018-02-07 09:04:07.424 [INFO]    File: d:\Test_project\WPF\AzuredbSync\OnpremisestoAzureInterfaceApp\App1.cs, Line No: 46 --->  Interface App Initilized 
2018-02-07 09:04:07.432 [INFO]    File: d:\Test_project\WPF\AzuredbSync\OnpremisestoAzureInterfaceApp\App1.cs, Line No: 46 --->  Checking Connections!!!!
2018-02-07 09:04:11.120 [INFO]    File: d:\Test_project\WPF\AzuredbSync\OnpremisestoAzureInterfaceApp\App1.cs, Line No: 46 --->  Premises Database Connected
2018-02-07 09:04:53.726 [FATAL]   File: d:\Test_project\WPF\AzuredbSync\OnpremisestoAzureInterfaceApp\DatabaseOperations.cs, Line No: 23 --->  SqlDatabaseConnectionState Caught an exception ---> A network-related or instance-specific error occurred while establishing a connection to SQL Server. The server was not found or was not accessible. Verify that the instance name is correct and that SQL Server is configured to allow remote connections. (provider: TCP Provider, error: 0 - A connection attempt failed because the connected party did not properly respond after a period of time, or established connection failed because connected host has failed to respond.)
2018-02-07 09:04:53.726 [INFO]    File: d:\Test_project\WPF\AzuredbSync\OnpremisestoAzureInterfaceApp\App1.cs, Line No: 46 --->  Azure Database Connection  ---> Not Connected
2018-02-07 09:05:36.068 [FATAL]   File: d:\Test_project\WPF\AzuredbSync\OnpremisestoAzureInterfaceApp\DatabaseOperations.cs, Line No: 23 --->  SqlDatabaseConnectionState Caught an exception ---> A network-related or instance-specific error occurred while establishing a connection to SQL Server. The server was not found or was not accessible. Verify that the instance name is correct and that SQL Server is configured to allow remote connections. (provider: TCP Provider, error: 0 - A connection attempt failed because the connected party did not properly respond after a period of time, or established connection failed because connected host has failed to respond.)
2018-02-07 09:05:36.068 [INFO]    File: d:\Test_project\WPF\AzuredbSync\OnpremisestoAzureInterfaceApp\App1.cs, Line No: 46 --->  Sync Database Connection  ---> Stopped
2018-02-07 09:05:36.146 [INFO]    File: d:\Test_project\WPF\AzuredbSync\OnpremisestoAzureInterfaceApp\App1.cs, Line No: 46 --->  Checking Connections!!!!
2018-02-07 09:05:36.146 [INFO]    File: d:\Test_project\WPF\AzuredbSync\OnpremisestoAzureInterfaceApp\App1.cs, Line No: 46 --->  Premises Database Connected
2018-02-07 09:06:32.870 [TRACE]  File: d:\Test_project\WPF\AzuredbSync\OnpremisestoAzureInterfaceApp\App1.cs, Line No: 46 --->  Message Logging Started
2018-02-07 09:06:32.886 [INFO]    File: d:\Test_project\WPF\AzuredbSync\OnpremisestoAzureInterfaceApp\App1.cs, Line No: 46 --->  Interface App Initilized 
2018-02-07 09:06:32.886 [INFO]    File: d:\Test_project\WPF\AzuredbSync\OnpremisestoAzureInterfaceApp\App1.cs, Line No: 46 --->  Checking Connections!!!!
2018-02-07 09:06:34.623 [INFO]    File: d:\Test_project\WPF\AzuredbSync\OnpremisestoAzureInterfaceApp\App1.cs, Line No: 46 --->  Premises Database Connected
2018-02-07 09:07:16.992 [FATAL]   File: d:\Test_project\WPF\AzuredbSync\OnpremisestoAzureInterfaceApp\DatabaseOperations.cs, Line No: 23 --->  SqlDatabaseConnectionState Caught an exception ---> A network-related or instance-specific error occurred while establishing a connection to SQL Server. The server was not found or was not accessible. Verify that the instance name is correct and that SQL Server is configured to allow remote connections. (provider: TCP Provider, error: 0 - A connection attempt failed because the connected party did not properly respond after a period of time, or established connection failed because connected host has failed to respond.)
2018-02-07 09:07:16.992 [INFO]    File: d:\Test_project\WPF\AzuredbSync\OnpremisestoAzureInterfaceApp\App1.cs, Line No: 46 --->  Azure Database Connection  ---> Not Connected
2018-02-07 09:07:59.305 [FATAL]   File: d:\Test_project\WPF\AzuredbSync\OnpremisestoAzureInterfaceApp\DatabaseOperations.cs, Line No: 23 --->  SqlDatabaseConnectionState Caught an exception ---> A network-related or instance-specific error occurred while establishing a connection to SQL Server. The server was not found or was not accessible. Verify that the instance name is correct and that SQL Server is configured to allow remote connections. (provider: TCP Provider, error: 0 - A connection attempt failed because the connected party did not properly respond after a period of time, or established connection failed because connected host has failed to respond.)
2018-02-07 09:07:59.305 [INFO]    File: d:\Test_project\WPF\AzuredbSync\OnpremisestoAzureInterfaceApp\App1.cs, Line No: 46 --->  Sync Database Connection  ---> Stopped
2018-02-07 09:07:59.352 [INFO]    File: d:\Test_project\WPF\AzuredbSync\OnpremisestoAzureInterfaceApp\App1.cs, Line No: 46 --->  Checking Connections!!!!
2018-02-07 09:07:59.352 [INFO]    File: d:\Test_project\WPF\AzuredbSync\OnpremisestoAzureInterfaceApp\App1.cs, Line No: 46 --->  Premises Database Connected
